TN:
SF:script/Counter.s.sol
DA:10,0
FN:10,CounterScript.setUp
FNDA:0,CounterScript.setUp
DA:12,0
FN:12,CounterScript.run
FNDA:0,CounterScript.run
DA:13,0
DA:15,0
DA:17,0
FNF:2
FNH:0
LF:5
LH:0
BRF:0
BRH:0
end_of_record
TN:
SF:script/DeployFundMe.s.sol
DA:10,0
FN:10,FundMeScript.setUp
FNDA:0,FundMeScript.setUp
DA:11,0
DA:14,0
FN:14,FundMeScript.run
FNDA:0,FundMeScript.run
DA:15,0
DA:17,0
DA:19,0
FNF:2
FNH:0
LF:6
LH:0
BRF:0
BRH:0
end_of_record
TN:
SF:src/Counter.sol
DA:7,258
FN:7,Counter.setNumber
FNDA:258,Counter.setNumber
DA:8,258
DA:11,1
FN:11,Counter.increment
FNDA:1,Counter.increment
DA:12,1
FNF:2
FNH:2
LF:4
LH:4
BRF:0
BRH:0
end_of_record
TN:
SF:src/FundMe.sol
DA:36,6
FN:36,FundMe.constructor
FNDA:6,FundMe.constructor
DA:37,6
DA:53,0
FN:53,FundMe.getMinimumUSD
FNDA:0,FundMe.getMinimumUSD
DA:54,0
DA:57,1
FN:57,FundMe.getOwner
FNDA:1,FundMe.getOwner
DA:58,1
DA:61,0
FN:61,FundMe.fund
FNDA:0,FundMe.fund
DA:66,0
BRDA:66,0,0,-
BRDA:66,0,1,-
DA:67,0
DA:68,0
DA:69,0
DA:70,0
DA:73,0
FN:73,FundMe.withdraw
FNDA:0,FundMe.withdraw
DA:75,0
DA:76,0
DA:77,0
DA:80,0
DA:88,0
DA:89,0
BRDA:89,1,0,-
BRDA:89,1,1,-
DA:91,0
DA:94,0
FN:94,FundMe.timedWithdraw
FNDA:0,FundMe.timedWithdraw
DA:95,0
DA:98,0
FN:98,FundMe.getConversionRate
FNDA:0,FundMe.getConversionRate
DA:99,0
DA:100,0
DA:101,0
DA:104,0
FN:104,FundMe.contributionCount
FNDA:0,FundMe.contributionCount
DA:105,0
DA:108,0
FN:108,FundMe.callAmountTo.0
FNDA:0,FundMe.callAmountTo.0
DA:109,0
DA:110,0
BRDA:110,2,0,-
BRDA:110,2,1,-
DA:113,0
FN:113,FundMe.callAmountTo.1
FNDA:0,FundMe.callAmountTo.1
DA:114,0
DA:115,0
BRDA:115,3,0,-
BRDA:115,3,1,-
DA:118,0
FN:118,FundMe.getBalance
FNDA:0,FundMe.getBalance
DA:119,0
DA:123,0
FN:123,FundMe.onlyOwner
FNDA:0,FundMe.onlyOwner
DA:125,0
BRDA:125,4,0,-
DA:126,0
DA:131,0
FN:131,FundMe.onlyAfter
FNDA:0,FundMe.onlyAfter
DA:132,0
BRDA:132,5,0,-
BRDA:132,5,1,-
DA:136,0
FN:136,FundMe.receive
FNDA:0,FundMe.receive
DA:137,0
DA:140,0
FN:140,FundMe.fallback
FNDA:0,FundMe.fallback
DA:141,0
FNF:15
FNH:2
LF:45
LH:4
BRF:11
BRH:0
end_of_record
TN:
SF:src/PriceConverter.sol
DA:10,1
FN:10,PriceConverter.getPrice
FNDA:1,PriceConverter.getPrice
DA:11,1
DA:12,1
DA:14,1
DA:17,0
FN:17,PriceConverter.getConversionRate
FNDA:0,PriceConverter.getConversionRate
DA:18,0
DA:19,0
DA:20,0
DA:23,1
FN:23,PriceConverter.getVersion
FNDA:1,PriceConverter.getVersion
DA:24,1
DA:25,1
DA:28,1
FN:28,PriceConverter.getDecimals
FNDA:1,PriceConverter.getDecimals
DA:29,1
DA:30,1
FNF:4
FNH:3
LF:14
LH:10
BRF:0
BRH:0
end_of_record
