TN:
SF:script/Counter.s.sol
DA:10,0
FN:10,CounterScript.setUp
FNDA:0,CounterScript.setUp
DA:12,0
FN:12,CounterScript.run
FNDA:0,CounterScript.run
DA:13,0
DA:15,0
DA:17,0
FNF:2
FNH:0
LF:5
LH:0
BRF:0
BRH:0
end_of_record
TN:
SF:script/DeployFundMe.s.sol
DA:12,0
FN:12,DeployFundMe.setUp
FNDA:0,DeployFundMe.setUp
DA:16,12
FN:16,DeployFundMe.run
FNDA:12,DeployFundMe.run
DA:17,12
DA:18,12
DA:19,12
DA:20,12
DA:21,12
DA:22,12
DA:23,12
FNF:2
FNH:1
LF:9
LH:8
BRF:0
BRH:0
end_of_record
TN:
SF:script/HelpConfig.s.sol
DA:21,12
FN:21,HelpConfig.constructor
FNDA:12,HelpConfig.constructor
DA:22,12
DA:23,12
DA:24,12
DA:25,12
DA:26,12
DA:27,12
DA:28,12
DA:30,12
DA:34,0
FN:34,HelpConfig.getMainnetEthConfig
FNDA:0,HelpConfig.getMainnetEthConfig
DA:35,0
DA:37,0
DA:40,0
FN:40,HelpConfig.getSepoliaEthConfig
FNDA:0,HelpConfig.getSepoliaEthConfig
DA:41,0
DA:43,0
DA:46,12
FN:46,HelpConfig.getOrCreateAnvilEthConfig
FNDA:12,HelpConfig.getOrCreateAnvilEthConfig
DA:47,12
DA:49,12
DA:54,12
DA:56,12
DA:58,12
DA:73,24
FN:73,HelpConfig.getActiveNetworkConfigWithMapping
FNDA:24,HelpConfig.getActiveNetworkConfigWithMapping
DA:74,24
BRDA:74,0,0,12
DA:76,12
DA:78,12
BRDA:78,1,0,12
DA:79,12
DA:80,12
DA:83,0
BRDA:83,2,0,-
DA:84,0
DA:87,0
DA:88,0
DA:89,0
DA:92,0
FN:92,HelpConfig.getArbitrumSepoliaEthConfig
FNDA:0,HelpConfig.getArbitrumSepoliaEthConfig
DA:93,0
DA:95,0
DA:98,0
FN:98,HelpConfig.getOptimismSepoliaEthConfig
FNDA:0,HelpConfig.getOptimismSepoliaEthConfig
DA:99,0
DA:101,0
DA:104,0
FN:104,HelpConfig.getBaseSepoliaEthConfig
FNDA:0,HelpConfig.getBaseSepoliaEthConfig
DA:105,0
DA:107,0
DA:110,0
FN:110,HelpConfig.getPolygonAmoyEthConfig
FNDA:0,HelpConfig.getPolygonAmoyEthConfig
DA:111,0
DA:113,0
DA:116,0
FN:116,HelpConfig.getZkSyncSepoliaEthConfig
FNDA:0,HelpConfig.getZkSyncSepoliaEthConfig
DA:117,0
DA:119,0
DA:122,0
FN:122,HelpConfig.getActiveNetworkConfig
FNDA:0,HelpConfig.getActiveNetworkConfig
DA:123,0
BRDA:123,3,0,-
BRDA:123,3,1,-
DA:124,0
DA:125,0
BRDA:125,4,0,-
BRDA:125,4,1,-
DA:126,0
DA:127,0
BRDA:127,5,0,-
BRDA:127,5,1,-
DA:128,0
DA:129,0
BRDA:129,6,0,-
BRDA:129,6,1,-
DA:130,0
DA:131,0
BRDA:131,7,0,-
BRDA:131,7,1,-
DA:132,0
DA:133,0
BRDA:133,8,0,-
BRDA:133,8,1,-
DA:134,0
DA:135,0
BRDA:135,9,0,-
BRDA:135,9,1,-
DA:136,0
DA:137,0
BRDA:137,10,0,-
BRDA:137,10,1,-
DA:138,0
DA:140,0
DA:142,0
FNF:11
FNH:3
LF:66
LH:21
BRF:19
BRH:2
end_of_record
TN:
SF:src/Counter.sol
DA:7,258
FN:7,Counter.setNumber
FNDA:258,Counter.setNumber
DA:8,258
DA:11,1
FN:11,Counter.increment
FNDA:1,Counter.increment
DA:12,1
FNF:2
FNH:2
LF:4
LH:4
BRF:0
BRH:0
end_of_record
TN:
SF:src/FundMe.sol
DA:38,12
FN:38,FundMe.constructor
FNDA:12,FundMe.constructor
DA:39,12
DA:40,12
DA:60,0
FN:60,FundMe.getMinimumUSD
FNDA:0,FundMe.getMinimumUSD
DA:61,0
DA:64,1
FN:64,FundMe.getOwner
FNDA:1,FundMe.getOwner
DA:65,1
DA:68,4
FN:68,FundMe.fund
FNDA:4,FundMe.fund
DA:73,4
BRDA:73,0,0,1
BRDA:73,0,1,3
DA:74,3
DA:75,3
DA:76,3
DA:77,3
DA:80,4
FN:80,FundMe.withdraw
FNDA:4,FundMe.withdraw
DA:81,1
DA:82,1
DA:83,1
DA:85,1
DA:86,1
DA:87,1
DA:90,1
DA:98,1
DA:99,1
BRDA:99,1,0,0
BRDA:99,1,1,1
DA:101,1
DA:104,0
FN:104,FundMe.timedWithdraw
FNDA:0,FundMe.timedWithdraw
DA:105,0
DA:108,0
FN:108,FundMe.getConversionRate
FNDA:0,FundMe.getConversionRate
DA:109,0
DA:110,0
DA:111,0
DA:114,1
FN:114,FundMe.getPrice
FNDA:1,FundMe.getPrice
DA:115,1
DA:118,0
FN:118,FundMe.contributionCount
FNDA:0,FundMe.contributionCount
DA:119,0
DA:122,0
FN:122,FundMe.callAmountTo.0
FNDA:0,FundMe.callAmountTo.0
DA:123,0
DA:124,0
BRDA:124,2,0,-
BRDA:124,2,1,-
DA:127,0
FN:127,FundMe.callAmountTo.1
FNDA:0,FundMe.callAmountTo.1
DA:128,0
DA:129,0
BRDA:129,3,0,-
BRDA:129,3,1,-
DA:132,0
FN:132,FundMe.getFunder
FNDA:0,FundMe.getFunder
DA:133,0
DA:136,1
FN:136,FundMe.getVersion
FNDA:1,FundMe.getVersion
DA:137,1
DA:140,1
FN:140,FundMe.getDecimals
FNDA:1,FundMe.getDecimals
DA:141,1
DA:144,0
FN:144,FundMe.getBalance
FNDA:0,FundMe.getBalance
DA:145,0
DA:148,1
FN:148,FundMe.getAddressToAmountFunded
FNDA:1,FundMe.getAddressToAmountFunded
DA:149,1
DA:153,0
FN:153,FundMe.onlyOwner
FNDA:0,FundMe.onlyOwner
DA:155,0
BRDA:155,4,0,-
DA:156,0
DA:161,0
FN:161,FundMe.onlyAfter
FNDA:0,FundMe.onlyAfter
DA:162,0
BRDA:162,5,0,-
BRDA:162,5,1,-
DA:167,0
FN:167,FundMe.receive
FNDA:0,FundMe.receive
DA:168,0
DA:171,0
FN:171,FundMe.fallback
FNDA:0,FundMe.fallback
DA:172,0
FNF:20
FNH:8
LF:59
LH:30
BRF:11
BRH:3
end_of_record
TN:
SF:src/PriceConverter.sol
DA:10,5
FN:10,PriceConverter.getPrice
FNDA:5,PriceConverter.getPrice
DA:11,5
DA:13,5
DA:16,4
FN:16,PriceConverter.getConversionRate
FNDA:4,PriceConverter.getConversionRate
DA:17,4
DA:18,4
DA:19,4
DA:22,1
FN:22,PriceConverter.getVersion
FNDA:1,PriceConverter.getVersion
DA:23,1
DA:26,1
FN:26,PriceConverter.getDecimals
FNDA:1,PriceConverter.getDecimals
DA:27,1
FNF:4
FNH:4
LF:11
LH:11
BRF:0
BRH:0
end_of_record
TN:
SF:test/mocks/MockV3Aggregator.sol
DA:26,12
FN:26,MockV3Aggregator.constructor
FNDA:12,MockV3Aggregator.constructor
DA:27,12
DA:28,12
DA:31,12
FN:31,MockV3Aggregator.updateAnswer
FNDA:12,MockV3Aggregator.updateAnswer
DA:32,12
DA:33,12
DA:34,12
DA:35,12
DA:36,12
DA:37,12
DA:40,0
FN:40,MockV3Aggregator.updateRoundData
FNDA:0,MockV3Aggregator.updateRoundData
DA:41,0
DA:42,0
DA:43,0
DA:44,0
DA:45,0
DA:46,0
DA:49,0
FN:49,MockV3Aggregator.getRoundData
FNDA:0,MockV3Aggregator.getRoundData
DA:54,0
DA:57,5
FN:57,MockV3Aggregator.latestRoundData
FNDA:5,MockV3Aggregator.latestRoundData
DA:62,5
DA:71,0
FN:71,MockV3Aggregator.description
FNDA:0,MockV3Aggregator.description
DA:72,0
FNF:6
FNH:3
LF:23
LH:12
BRF:0
BRH:0
end_of_record
